Start testing: Oct 13 12:44 CEST
----------------------------------------------------------
1/1 Testing: test
1/1 Test: test
Command: "/home/chps/Bureau/TD/build/Main.exe"
Directory: /home/chps/Bureau/TD/build
"test" start time: Oct 13 12:44 CEST
Output:
----------------------------------------------------------
class name = Myclass
<end of output>
Test time =   0.00 sec
----------------------------------------------------------
Test Passed.
"test" end time: Oct 13 12:44 CEST
"test" time elapsed: 00:00:00
----------------------------------------------------------

End testing: Oct 13 12:44 CEST
