Start testing: Dec 15 15:07 CET
----------------------------------------------------------
1/2 Testing: UnitTest.MylibTestPrintTest
1/2 Test: UnitTest.MylibTestPrintTest
Command: "/home/chps/Bureau/poo/TD/build/Test.exe" "--gtest_filter=UnitTest.MylibTestPrintTest" "--gtest_also_run_disabled_tests"
Directory: /home/chps/Bureau/poo/TD/build
"UnitTest.MylibTestPrintTest" start time: Dec 15 15:07 CET
Output:
----------------------------------------------------------
Running main() from /build/googletest-j5yxiC/googletest-1.10.0/googletest/src/gtest_main.cc
Note: Google Test filter = UnitTest.MylibTestPrintTest
[==========] Running 1 test from 1 test suite.
[----------] Global test environment set-up.
[----------] 1 test from UnitTest
[ RUN      ] UnitTest.MylibTestPrintTest
[       OK ] UnitTest.MylibTestPrintTest (0 ms)
[----------] 1 test from UnitTest (0 ms total)

[----------] Global test environment tear-down
[==========] 1 test from 1 test suite ran. (0 ms total)
[  PASSED  ] 1 test.
<end of output>
Test time =   0.00 sec
----------------------------------------------------------
Test Passed.
"UnitTest.MylibTestPrintTest" end time: Dec 15 15:07 CET
"UnitTest.MylibTestPrintTest" time elapsed: 00:00:00
----------------------------------------------------------

2/2 Testing: test
2/2 Test: test
Command: "/home/chps/Bureau/poo/TD/build/Test.exe"
Directory: /home/chps/Bureau/poo/TD/build
"test" start time: Dec 15 15:07 CET
Output:
----------------------------------------------------------
Running main() from /build/googletest-j5yxiC/googletest-1.10.0/googletest/src/gtest_main.cc
[==========] Running 1 test from 1 test suite.
[----------] Global test environment set-up.
[----------] 1 test from UnitTest
[ RUN      ] UnitTest.MylibTestPrintTest
[       OK ] UnitTest.MylibTestPrintTest (0 ms)
[----------] 1 test from UnitTest (0 ms total)

[----------] Global test environment tear-down
[==========] 1 test from 1 test suite ran. (0 ms total)
[  PASSED  ] 1 test.
<end of output>
Test time =   0.00 sec
----------------------------------------------------------
Test Passed.
"test" end time: Dec 15 15:07 CET
"test" time elapsed: 00:00:00
----------------------------------------------------------

End testing: Dec 15 15:07 CET
